[Thu Oct 20 2016 19:25:59 GMT+0800 (CST)] /signup
MongoError: server instance in invalid state undefined
    at Function.MongoError.create (/Users/jasonff/github/jasonff-api/node_modules/.npminstall/mongodb-core/2.0.12/mongodb-core/lib/error.js:29:11)
    at Server.connect (/Users/jasonff/github/jasonff-api/node_modules/.npminstall/mongodb-core/2.0.12/mongodb-core/lib/topologies/server.js:341:22)
    at Server.connect (/Users/jasonff/github/jasonff-api/node_modules/.npminstall/mongodb/2.2.10/mongodb/lib/server.js:357:17)
    at open (/Users/jasonff/github/jasonff-api/node_modules/.npminstall/mongodb/2.2.10/mongodb/lib/db.js:222:19)
    at Db.open (/Users/jasonff/github/jasonff-api/node_modules/.npminstall/mongodb/2.2.10/mongodb/lib/db.js:245:44)
    at User.get (/Users/jasonff/github/jasonff-api/api/models/user.js:10:10)
    at /Users/jasonff/github/jasonff-api/api/routes/signup.js:39:11
    at Layer.handle [as handle_request] (/Users/jasonff/github/jasonff-api/node_modules/.npminstall/express/4.14.0/express/lib/router/layer.js:95:5)
    at next (/Users/jasonff/github/jasonff-api/node_modules/.npminstall/express/4.14.0/express/lib/router/route.js:131:13)
    at multerMiddleware (/Users/jasonff/github/jasonff-api/node_modules/.npminstall/multer/1.2.0/multer/lib/make-middleware.js:18:41)
    at Layer.handle [as handle_request] (/Users/jasonff/github/jasonff-api/node_modules/.npminstall/express/4.14.0/express/lib/router/layer.js:95:5)
    at next (/Users/jasonff/github/jasonff-api/node_modules/.npminstall/express/4.14.0/express/lib/router/route.js:131:13)
    at Route.dispatch (/Users/jasonff/github/jasonff-api/node_modules/.npminstall/express/4.14.0/express/lib/router/route.js:112:3)
    at Layer.handle [as handle_request] (/Users/jasonff/github/jasonff-api/node_modules/.npminstall/express/4.14.0/express/lib/router/layer.js:95:5)
    at /Users/jasonff/github/jasonff-api/node_modules/.npminstall/express/4.14.0/express/lib/router/index.js:277:22
    at Function.process_params (/Users/jasonff/github/jasonff-api/node_modules/.npminstall/express/4.14.0/express/lib/router/index.js:330:12)
[Thu Oct 20 2016 19:27:52 GMT+0800 (CST)] /signup
MongoError: server instance in invalid state undefined
    at Function.MongoError.create (/Users/jasonff/github/jasonff-api/node_modules/.npminstall/mongodb-core/2.0.12/mongodb-core/lib/error.js:29:11)
    at Server.connect (/Users/jasonff/github/jasonff-api/node_modules/.npminstall/mongodb-core/2.0.12/mongodb-core/lib/topologies/server.js:341:22)
    at Server.connect (/Users/jasonff/github/jasonff-api/node_modules/.npminstall/mongodb/2.2.10/mongodb/lib/server.js:357:17)
    at open (/Users/jasonff/github/jasonff-api/node_modules/.npminstall/mongodb/2.2.10/mongodb/lib/db.js:222:19)
    at Db.open (/Users/jasonff/github/jasonff-api/node_modules/.npminstall/mongodb/2.2.10/mongodb/lib/db.js:245:44)
    at User.get (/Users/jasonff/github/jasonff-api/api/models/user.js:10:10)
    at /Users/jasonff/github/jasonff-api/api/routes/signup.js:39:11
    at Layer.handle [as handle_request] (/Users/jasonff/github/jasonff-api/node_modules/.npminstall/express/4.14.0/express/lib/router/layer.js:95:5)
    at next (/Users/jasonff/github/jasonff-api/node_modules/.npminstall/express/4.14.0/express/lib/router/route.js:131:13)
    at multerMiddleware (/Users/jasonff/github/jasonff-api/node_modules/.npminstall/multer/1.2.0/multer/lib/make-middleware.js:18:41)
    at Layer.handle [as handle_request] (/Users/jasonff/github/jasonff-api/node_modules/.npminstall/express/4.14.0/express/lib/router/layer.js:95:5)
    at next (/Users/jasonff/github/jasonff-api/node_modules/.npminstall/express/4.14.0/express/lib/router/route.js:131:13)
    at Route.dispatch (/Users/jasonff/github/jasonff-api/node_modules/.npminstall/express/4.14.0/express/lib/router/route.js:112:3)
    at Layer.handle [as handle_request] (/Users/jasonff/github/jasonff-api/node_modules/.npminstall/express/4.14.0/express/lib/router/layer.js:95:5)
    at /Users/jasonff/github/jasonff-api/node_modules/.npminstall/express/4.14.0/express/lib/router/index.js:277:22
    at Function.process_params (/Users/jasonff/github/jasonff-api/node_modules/.npminstall/express/4.14.0/express/lib/router/index.js:330:12)
[Thu Oct 20 2016 19:32:33 GMT+0800 (CST)] /signup
MongoError: server instance in invalid state undefined
    at Function.MongoError.create (/Users/jasonff/github/jasonff-api/node_modules/.npminstall/mongodb-core/2.0.12/mongodb-core/lib/error.js:29:11)
    at Server.connect (/Users/jasonff/github/jasonff-api/node_modules/.npminstall/mongodb-core/2.0.12/mongodb-core/lib/topologies/server.js:341:22)
    at Server.connect (/Users/jasonff/github/jasonff-api/node_modules/.npminstall/mongodb/2.2.10/mongodb/lib/server.js:357:17)
    at open (/Users/jasonff/github/jasonff-api/node_modules/.npminstall/mongodb/2.2.10/mongodb/lib/db.js:222:19)
    at Db.open (/Users/jasonff/github/jasonff-api/node_modules/.npminstall/mongodb/2.2.10/mongodb/lib/db.js:245:44)
    at User.get (/Users/jasonff/github/jasonff-api/api/models/user.js:10:10)
    at /Users/jasonff/github/jasonff-api/api/routes/signup.js:39:11
    at Layer.handle [as handle_request] (/Users/jasonff/github/jasonff-api/node_modules/.npminstall/express/4.14.0/express/lib/router/layer.js:95:5)
    at next (/Users/jasonff/github/jasonff-api/node_modules/.npminstall/express/4.14.0/express/lib/router/route.js:131:13)
    at multerMiddleware (/Users/jasonff/github/jasonff-api/node_modules/.npminstall/multer/1.2.0/multer/lib/make-middleware.js:18:41)
    at Layer.handle [as handle_request] (/Users/jasonff/github/jasonff-api/node_modules/.npminstall/express/4.14.0/express/lib/router/layer.js:95:5)
    at next (/Users/jasonff/github/jasonff-api/node_modules/.npminstall/express/4.14.0/express/lib/router/route.js:131:13)
    at Route.dispatch (/Users/jasonff/github/jasonff-api/node_modules/.npminstall/express/4.14.0/express/lib/router/route.js:112:3)
    at Layer.handle [as handle_request] (/Users/jasonff/github/jasonff-api/node_modules/.npminstall/express/4.14.0/express/lib/router/layer.js:95:5)
    at /Users/jasonff/github/jasonff-api/node_modules/.npminstall/express/4.14.0/express/lib/router/index.js:277:22
    at Function.process_params (/Users/jasonff/github/jasonff-api/node_modules/.npminstall/express/4.14.0/express/lib/router/index.js:330:12)
