::1 - - [Tue, 28 Jun 2016 03:19:04 GMT] "GET /signup HTTP/1.1" 200 2 "-" "Mozilla/5.0 (Macintosh; Intel Mac OS X 10_11_5) AppleWebKit/537.36 (KHTML, like Gecko) Chrome/51.0.2704.103 Safari/537.36"
::1 - - [Tue, 28 Jun 2016 03:19:55 GMT] "GET /signup HTTP/1.1" 200 2 "-" "Mozilla/5.0 (Macintosh; Intel Mac OS X 10_11_5) AppleWebKit/537.36 (KHTML, like Gecko) Chrome/51.0.2704.103 Safari/537.36"
::1 - - [Tue, 28 Jun 2016 03:19:56 GMT] "GET /signup HTTP/1.1" 200 2 "-" "Mozilla/5.0 (Macintosh; Intel Mac OS X 10_11_5) AppleWebKit/537.36 (KHTML, like Gecko) Chrome/51.0.2704.103 Safari/537.36"
::1 - - [Tue, 28 Jun 2016 03:20:06 GMT] "GET /signup HTTP/1.1" 200 2 "-" "Mozilla/5.0 (Macintosh; Intel Mac OS X 10_11_5) AppleWebKit/537.36 (KHTML, like Gecko) Chrome/51.0.2704.103 Safari/537.36"
::1 - - [Tue, 28 Jun 2016 03:20:27 GMT] "GET /signup HTTP/1.1" 200 2 "-" "Mozilla/5.0 (Macintosh; Intel Mac OS X 10_11_5) AppleWebKit/537.36 (KHTML, like Gecko) Chrome/51.0.2704.103 Safari/537.36"
::1 - - [Tue, 28 Jun 2016 03:20:36 GMT] "GET /signup HTTP/1.1" 200 2 "-" "Mozilla/5.0 (Macintosh; Intel Mac OS X 10_11_5) AppleWebKit/537.36 (KHTML, like Gecko) Chrome/51.0.2704.103 Safari/537.36"
::1 - - [Tue, 28 Jun 2016 03:20:54 GMT] "POST /signup HTTP/1.1" 404 20 "-" "Mozilla/5.0 (Macintosh; Intel Mac OS X 10_11_5) AppleWebKit/537.36 (KHTML, like Gecko) Chrome/51.0.2704.103 Safari/537.36"
::1 - - [Tue, 28 Jun 2016 03:21:09 GMT] "POST /signup HTTP/1.1" 404 20 "-" "Mozilla/5.0 (Macintosh; Intel Mac OS X 10_11_5) AppleWebKit/537.36 (KHTML, like Gecko) Chrome/51.0.2704.103 Safari/537.36"
::1 - - [Tue, 28 Jun 2016 03:21:13 GMT] "POST /signup HTTP/1.1" 200 2 "-" "Mozilla/5.0 (Macintosh; Intel Mac OS X 10_11_5) AppleWebKit/537.36 (KHTML, like Gecko) Chrome/51.0.2704.103 Safari/537.36"
::1 - - [Tue, 28 Jun 2016 03:22:00 GMT] "POST /signup HTTP/1.1" 200 13 "-" "Mozilla/5.0 (Macintosh; Intel Mac OS X 10_11_5) AppleWebKit/537.36 (KHTML, like Gecko) Chrome/51.0.2704.103 Safari/537.36"
::1 - - [Tue, 28 Jun 2016 03:27:02 GMT] "POST /signup HTTP/1.1" 200 0 "-" "Mozilla/5.0 (Macintosh; Intel Mac OS X 10_11_5) AppleWebKit/537.36 (KHTML, like Gecko) Chrome/51.0.2704.103 Safari/537.36"
::1 - - [Tue, 28 Jun 2016 04:07:10 GMT] "POST /signup HTTP/1.1" 200 0 "-" "Mozilla/5.0 (Macintosh; Intel Mac OS X 10_11_5) AppleWebKit/537.36 (KHTML, like Gecko) Chrome/51.0.2704.103 Safari/537.36"
::1 - - [Tue, 28 Jun 2016 05:09:42 GMT] "POST /signup HTTP/1.1" 200 0 "-" "Mozilla/5.0 (Macintosh; Intel Mac OS X 10_11_5) AppleWebKit/537.36 (KHTML, like Gecko) Chrome/51.0.2704.103 Safari/537.36"
::1 - - [Tue, 28 Jun 2016 05:13:32 GMT] "POST /signup HTTP/1.1" 200 - "-" "Mozilla/5.0 (Macintosh; Intel Mac OS X 10_11_5) AppleWebKit/537.36 (KHTML, like Gecko) Chrome/51.0.2704.103 Safari/537.36"
::1 - - [Tue, 28 Jun 2016 05:13:36 GMT] "POST /signup HTTP/1.1" 200 - "-" "Mozilla/5.0 (Macintosh; Intel Mac OS X 10_11_5) AppleWebKit/537.36 (KHTML, like Gecko) Chrome/51.0.2704.103 Safari/537.36"
::1 - - [Tue, 28 Jun 2016 05:14:57 GMT] "POST /signup HTTP/1.1" 200 2 "-" "Mozilla/5.0 (Macintosh; Intel Mac OS X 10_11_5) AppleWebKit/537.36 (KHTML, like Gecko) Chrome/51.0.2704.103 Safari/537.36"
::1 - - [Tue, 28 Jun 2016 05:35:25 GMT] "POST /signup HTTP/1.1" 404 20 "-" "Mozilla/5.0 (Macintosh; Intel Mac OS X 10_11_5) AppleWebKit/537.36 (KHTML, like Gecko) Chrome/51.0.2704.103 Safari/537.36"
::1 - - [Tue, 28 Jun 2016 05:35:27 GMT] "POST /signup HTTP/1.1" 404 20 "-" "Mozilla/5.0 (Macintosh; Intel Mac OS X 10_11_5) AppleWebKit/537.36 (KHTML, like Gecko) Chrome/51.0.2704.103 Safari/537.36"
::1 - - [Tue, 28 Jun 2016 05:35:27 GMT] "POST /signup HTTP/1.1" 404 20 "-" "Mozilla/5.0 (Macintosh; Intel Mac OS X 10_11_5) AppleWebKit/537.36 (KHTML, like Gecko) Chrome/51.0.2704.103 Safari/537.36"
::1 - - [Tue, 28 Jun 2016 05:35:28 GMT] "POST /signup HTTP/1.1" 404 20 "-" "Mozilla/5.0 (Macintosh; Intel Mac OS X 10_11_5) AppleWebKit/537.36 (KHTML, like Gecko) Chrome/51.0.2704.103 Safari/537.36"
::1 - - [Tue, 28 Jun 2016 05:35:29 GMT] "POST /signup HTTP/1.1" 404 20 "-" "Mozilla/5.0 (Macintosh; Intel Mac OS X 10_11_5) AppleWebKit/537.36 (KHTML, like Gecko) Chrome/51.0.2704.103 Safari/537.36"
::1 - - [Tue, 28 Jun 2016 05:35:29 GMT] "POST /signup HTTP/1.1" 404 20 "-" "Mozilla/5.0 (Macintosh; Intel Mac OS X 10_11_5) AppleWebKit/537.36 (KHTML, like Gecko) Chrome/51.0.2704.103 Safari/537.36"
::1 - - [Tue, 28 Jun 2016 05:35:30 GMT] "POST /signup HTTP/1.1" 404 20 "-" "Mozilla/5.0 (Macintosh; Intel Mac OS X 10_11_5) AppleWebKit/537.36 (KHTML, like Gecko) Chrome/51.0.2704.103 Safari/537.36"
::1 - - [Tue, 28 Jun 2016 05:35:30 GMT] "POST /signup HTTP/1.1" 404 20 "-" "Mozilla/5.0 (Macintosh; Intel Mac OS X 10_11_5) AppleWebKit/537.36 (KHTML, like Gecko) Chrome/51.0.2704.103 Safari/537.36"
::1 - - [Tue, 28 Jun 2016 05:35:30 GMT] "POST /signup HTTP/1.1" 404 20 "-" "Mozilla/5.0 (Macintosh; Intel Mac OS X 10_11_5) AppleWebKit/537.36 (KHTML, like Gecko) Chrome/51.0.2704.103 Safari/537.36"
::1 - - [Tue, 28 Jun 2016 05:35:30 GMT] "POST /signup HTTP/1.1" 404 20 "-" "Mozilla/5.0 (Macintosh; Intel Mac OS X 10_11_5) AppleWebKit/537.36 (KHTML, like Gecko) Chrome/51.0.2704.103 Safari/537.36"
::1 - - [Tue, 28 Jun 2016 05:35:30 GMT] "POST /signup HTTP/1.1" 404 20 "-" "Mozilla/5.0 (Macintosh; Intel Mac OS X 10_11_5) AppleWebKit/537.36 (KHTML, like Gecko) Chrome/51.0.2704.103 Safari/537.36"
::1 - - [Tue, 28 Jun 2016 05:35:31 GMT] "POST /signup HTTP/1.1" 404 20 "-" "Mozilla/5.0 (Macintosh; Intel Mac OS X 10_11_5) AppleWebKit/537.36 (KHTML, like Gecko) Chrome/51.0.2704.103 Safari/537.36"
::1 - - [Tue, 28 Jun 2016 05:35:31 GMT] "POST /signup HTTP/1.1" 404 20 "-" "Mozilla/5.0 (Macintosh; Intel Mac OS X 10_11_5) AppleWebKit/537.36 (KHTML, like Gecko) Chrome/51.0.2704.103 Safari/537.36"
::1 - - [Tue, 28 Jun 2016 05:35:31 GMT] "POST /signup HTTP/1.1" 404 20 "-" "Mozilla/5.0 (Macintosh; Intel Mac OS X 10_11_5) AppleWebKit/537.36 (KHTML, like Gecko) Chrome/51.0.2704.103 Safari/537.36"
::1 - - [Tue, 28 Jun 2016 05:35:31 GMT] "POST /signup HTTP/1.1" 404 20 "-" "Mozilla/5.0 (Macintosh; Intel Mac OS X 10_11_5) AppleWebKit/537.36 (KHTML, like Gecko) Chrome/51.0.2704.103 Safari/537.36"
::1 - - [Tue, 28 Jun 2016 05:35:31 GMT] "POST /signup HTTP/1.1" 404 20 "-" "Mozilla/5.0 (Macintosh; Intel Mac OS X 10_11_5) AppleWebKit/537.36 (KHTML, like Gecko) Chrome/51.0.2704.103 Safari/537.36"
::1 - - [Tue, 28 Jun 2016 05:36:24 GMT] "POST /signup HTTP/1.1" 404 20 "-" "Mozilla/5.0 (Macintosh; Intel Mac OS X 10_11_5) AppleWebKit/537.36 (KHTML, like Gecko) Chrome/51.0.2704.103 Safari/537.36"
::1 - - [Tue, 28 Jun 2016 05:36:54 GMT] "POST /signup HTTP/1.1" 404 20 "-" "Mozilla/5.0 (Macintosh; Intel Mac OS X 10_11_5) AppleWebKit/537.36 (KHTML, like Gecko) Chrome/51.0.2704.103 Safari/537.36"
::1 - - [Tue, 28 Jun 2016 05:37:58 GMT] "POST /signup HTTP/1.1" 404 20 "-" "Mozilla/5.0 (Macintosh; Intel Mac OS X 10_11_5) AppleWebKit/537.36 (KHTML, like Gecko) Chrome/51.0.2704.103 Safari/537.36"
::1 - - [Tue, 28 Jun 2016 05:48:03 GMT] "POST /signup HTTP/1.1" 404 20 "-" "Mozilla/5.0 (Macintosh; Intel Mac OS X 10_11_5) AppleWebKit/537.36 (KHTML, like Gecko) Chrome/51.0.2704.103 Safari/537.36"
::1 - - [Tue, 28 Jun 2016 05:48:04 GMT] "POST /signup HTTP/1.1" 404 20 "-" "Mozilla/5.0 (Macintosh; Intel Mac OS X 10_11_5) AppleWebKit/537.36 (KHTML, like Gecko) Chrome/51.0.2704.103 Safari/537.36"
::1 - - [Tue, 28 Jun 2016 05:48:05 GMT] "POST /signup HTTP/1.1" 404 20 "-" "Mozilla/5.0 (Macintosh; Intel Mac OS X 10_11_5) AppleWebKit/537.36 (KHTML, like Gecko) Chrome/51.0.2704.103 Safari/537.36"
::1 - - [Tue, 28 Jun 2016 05:48:05 GMT] "POST /signup HTTP/1.1" 404 20 "-" "Mozilla/5.0 (Macintosh; Intel Mac OS X 10_11_5) AppleWebKit/537.36 (KHTML, like Gecko) Chrome/51.0.2704.103 Safari/537.36"
::1 - - [Tue, 28 Jun 2016 05:48:56 GMT] "POST /signup HTTP/1.1" 404 20 "-" "Mozilla/5.0 (Macintosh; Intel Mac OS X 10_11_5) AppleWebKit/537.36 (KHTML, like Gecko) Chrome/51.0.2704.103 Safari/537.36"
::1 - - [Tue, 28 Jun 2016 06:01:48 GMT] "POST /signup HTTP/1.1" 404 20 "-" "Mozilla/5.0 (Macintosh; Intel Mac OS X 10_11_5) AppleWebKit/537.36 (KHTML, like Gecko) Chrome/51.0.2704.103 Safari/537.36"
::1 - - [Tue, 28 Jun 2016 06:09:21 GMT] "POST /signup HTTP/1.1" 404 20 "-" "Mozilla/5.0 (Macintosh; Intel Mac OS X 10_11_5) AppleWebKit/537.36 (KHTML, like Gecko) Chrome/51.0.2704.103 Safari/537.36"
::1 - - [Tue, 28 Jun 2016 06:12:49 GMT] "POST /signup HTTP/1.1" - - "-" "Mozilla/5.0 (Macintosh; Intel Mac OS X 10_11_5) AppleWebKit/537.36 (KHTML, like Gecko) Chrome/51.0.2704.103 Safari/537.36"
::1 - - [Tue, 28 Jun 2016 06:13:25 GMT] "POST /signup HTTP/1.1" 200 12 "-" "Mozilla/5.0 (Macintosh; Intel Mac OS X 10_11_5) AppleWebKit/537.36 (KHTML, like Gecko) Chrome/51.0.2704.103 Safari/537.36"
::1 - - [Tue, 28 Jun 2016 06:14:03 GMT] "POST /signup HTTP/1.1" 200 - "-" "Mozilla/5.0 (Macintosh; Intel Mac OS X 10_11_5) AppleWebKit/537.36 (KHTML, like Gecko) Chrome/51.0.2704.103 Safari/537.36"
::1 - - [Tue, 28 Jun 2016 06:15:05 GMT] "POST /signup HTTP/1.1" 200 191 "-" "Mozilla/5.0 (Macintosh; Intel Mac OS X 10_11_5) AppleWebKit/537.36 (KHTML, like Gecko) Chrome/51.0.2704.103 Safari/537.36"
::1 - - [28/Jun/2016:06:57:33 +0000] "POST /signup HTTP/1.1" 200 12 "-" "Mozilla/5.0 (Macintosh; Intel Mac OS X 10_11_5) AppleWebKit/537.36 (KHTML, like Gecko) Chrome/51.0.2704.103 Safari/537.36"
::1 - - [28/Jun/2016:06:57:42 +0000] "POST /signup HTTP/1.1" 200 96 "-" "Mozilla/5.0 (Macintosh; Intel Mac OS X 10_11_5) AppleWebKit/537.36 (KHTML, like Gecko) Chrome/51.0.2704.103 Safari/537.36"
::1 - - [28/Jun/2016:07:00:59 +0000] "POST /signup HTTP/1.1" 200 96 "-" "Mozilla/5.0 (Macintosh; Intel Mac OS X 10_11_5) AppleWebKit/537.36 (KHTML, like Gecko) Chrome/51.0.2704.103 Safari/537.36"
::1 - - [29/Jun/2016:02:17:03 +0000] "POST /signup HTTP/1.1" 404 20 "-" "Mozilla/5.0 (Macintosh; Intel Mac OS X 10_11_5) AppleWebKit/537.36 (KHTML, like Gecko) Chrome/51.0.2704.103 Safari/537.36"
::1 - - [29/Jun/2016:02:17:46 +0000] "POST /signup HTTP/1.1" 404 20 "-" "Mozilla/5.0 (Macintosh; Intel Mac OS X 10_11_5) AppleWebKit/537.36 (KHTML, like Gecko) Chrome/51.0.2704.103 Safari/537.36"
::1 - - [29/Jun/2016:02:43:32 +0000] "POST /signup HTTP/1.1" 404 20 "-" "Mozilla/5.0 (Macintosh; Intel Mac OS X 10_11_5) AppleWebKit/537.36 (KHTML, like Gecko) Chrome/51.0.2704.103 Safari/537.36"
::1 - - [29/Jun/2016:02:43:33 +0000] "POST /signup HTTP/1.1" 404 20 "-" "Mozilla/5.0 (Macintosh; Intel Mac OS X 10_11_5) AppleWebKit/537.36 (KHTML, like Gecko) Chrome/51.0.2704.103 Safari/537.36"
::1 - - [29/Jun/2016:02:44:02 +0000] "POST /signup HTTP/1.1" 200 265 "-" "Mozilla/5.0 (Macintosh; Intel Mac OS X 10_11_5) AppleWebKit/537.36 (KHTML, like Gecko) Chrome/51.0.2704.103 Safari/537.36"
::1 - - [29/Jun/2016:02:44:19 +0000] "POST /signup HTTP/1.1" 200 114 "-" "Mozilla/5.0 (Macintosh; Intel Mac OS X 10_11_5) AppleWebKit/537.36 (KHTML, like Gecko) Chrome/51.0.2704.103 Safari/537.36"
::1 - - [29/Jun/2016:02:44:35 +0000] "POST /signup HTTP/1.1" 200 114 "-" "Mozilla/5.0 (Macintosh; Intel Mac OS X 10_11_5) AppleWebKit/537.36 (KHTML, like Gecko) Chrome/51.0.2704.103 Safari/537.36"
::1 - - [29/Jun/2016:02:52:02 +0000] "POST /signup HTTP/1.1" 200 114 "-" "Mozilla/5.0 (Macintosh; Intel Mac OS X 10_11_5) AppleWebKit/537.36 (KHTML, like Gecko) Chrome/51.0.2704.103 Safari/537.36"
::1 - - [29/Jun/2016:02:54:05 +0000] "POST /signup HTTP/1.1" 500 21 "-" "Mozilla/5.0 (Macintosh; Intel Mac OS X 10_11_5) AppleWebKit/537.36 (KHTML, like Gecko) Chrome/51.0.2704.103 Safari/537.36"
::1 - - [29/Jun/2016:02:54:08 +0000] "POST /signup HTTP/1.1" 500 21 "-" "Mozilla/5.0 (Macintosh; Intel Mac OS X 10_11_5) AppleWebKit/537.36 (KHTML, like Gecko) Chrome/51.0.2704.103 Safari/537.36"
::1 - - [29/Jun/2016:02:55:32 +0000] "POST /signup HTTP/1.1" 200 12 "-" "Mozilla/5.0 (Macintosh; Intel Mac OS X 10_11_5) AppleWebKit/537.36 (KHTML, like Gecko) Chrome/51.0.2704.103 Safari/537.36"
::1 - - [29/Jun/2016:02:56:23 +0000] "POST /signup HTTP/1.1" 200 12 "-" "Mozilla/5.0 (Macintosh; Intel Mac OS X 10_11_5) AppleWebKit/537.36 (KHTML, like Gecko) Chrome/51.0.2704.103 Safari/537.36"
::1 - - [29/Jun/2016:02:56:28 +0000] "POST /signup HTTP/1.1" 200 29 "-" "Mozilla/5.0 (Macintosh; Intel Mac OS X 10_11_5) AppleWebKit/537.36 (KHTML, like Gecko) Chrome/51.0.2704.103 Safari/537.36"
::1 - - [29/Jun/2016:03:00:16 +0000] "POST /signup HTTP/1.1" 200 29 "-" "Mozilla/5.0 (Macintosh; Intel Mac OS X 10_11_5) AppleWebKit/537.36 (KHTML, like Gecko) Chrome/51.0.2704.103 Safari/537.36"
::1 - - [29/Jun/2016:03:00:23 +0000] "POST /signup HTTP/1.1" 200 245 "-" "Mozilla/5.0 (Macintosh; Intel Mac OS X 10_11_5) AppleWebKit/537.36 (KHTML, like Gecko) Chrome/51.0.2704.103 Safari/537.36"
::1 - - [29/Jun/2016:03:00:31 +0000] "POST /signup HTTP/1.1" 200 28 "-" "Mozilla/5.0 (Macintosh; Intel Mac OS X 10_11_5) AppleWebKit/537.36 (KHTML, like Gecko) Chrome/51.0.2704.103 Safari/537.36"
::1 - - [29/Jun/2016:03:18:34 +0000] "POST /signup HTTP/1.1" 200 28 "http://www.runoob.com/jquery/ajax-ajax.html" "Mozilla/5.0 (Macintosh; Intel Mac OS X 10_11_5) AppleWebKit/537.36 (KHTML, like Gecko) Chrome/51.0.2704.103 Safari/537.36"
::1 - - [29/Jun/2016:03:19:16 +0000] "GET /signup?callback=jQuery18103560389908694759_1467169676382&email=1233%40qq.com&password=834732&_=1467170356644 HTTP/1.1" 404 133 "http://www.runoob.com/jquery/ajax-ajax.html" "Mozilla/5.0 (Macintosh; Intel Mac OS X 10_11_5) AppleWebKit/537.36 (KHTML, like Gecko) Chrome/51.0.2704.103 Safari/537.36"
::1 - - [29/Jun/2016:03:21:14 +0000] "GET /signup?callback=jQuery110206094191539498046_1467170474527&email=1233%40qq.com&password=834732&_=1467170474528 HTTP/1.1" 404 134 "http://www.runoob.com/try/try.php?filename=tryjquery_ajax_ajax" "Mozilla/5.0 (Macintosh; Intel Mac OS X 10_11_5) AppleWebKit/537.36 (KHTML, like Gecko) Chrome/51.0.2704.103 Safari/537.36"
::1 - - [29/Jun/2016:03:22:06 +0000] "GET /signup?callback=jQuery110203135187515172422_1467170526643&email=1233%40qq.com&password=834732&_=1467170526644 HTTP/1.1" 404 134 "http://www.runoob.com/try/try.php?filename=tryjquery_ajax_ajax" "Mozilla/5.0 (Macintosh; Intel Mac OS X 10_11_5) AppleWebKit/537.36 (KHTML, like Gecko) Chrome/51.0.2704.103 Safari/537.36"
::1 - - [29/Jun/2016:03:22:07 +0000] "GET /signup?callback=jQuery110203135187515172422_1467170526645&email=1233%40qq.com&password=834732&_=1467170526646 HTTP/1.1" 404 134 "http://www.runoob.com/try/try.php?filename=tryjquery_ajax_ajax" "Mozilla/5.0 (Macintosh; Intel Mac OS X 10_11_5) AppleWebKit/537.36 (KHTML, like Gecko) Chrome/51.0.2704.103 Safari/537.36"
::1 - - [29/Jun/2016:03:22:09 +0000] "GET /signup?callback=jQuery110203135187515172422_1467170526647&email=1233%40qq.com&password=834732&_=1467170526648 HTTP/1.1" 404 134 "http://www.runoob.com/try/try.php?filename=tryjquery_ajax_ajax" "Mozilla/5.0 (Macintosh; Intel Mac OS X 10_11_5) AppleWebKit/537.36 (KHTML, like Gecko) Chrome/51.0.2704.103 Safari/537.36"
::1 - - [29/Jun/2016:03:22:09 +0000] "GET /signup?callback=jQuery110203135187515172422_1467170526649&email=1233%40qq.com&password=834732&_=1467170526650 HTTP/1.1" 404 134 "http://www.runoob.com/try/try.php?filename=tryjquery_ajax_ajax" "Mozilla/5.0 (Macintosh; Intel Mac OS X 10_11_5) AppleWebKit/537.36 (KHTML, like Gecko) Chrome/51.0.2704.103 Safari/537.36"
::1 - - [29/Jun/2016:03:22:10 +0000] "GET /signup?callback=jQuery110203135187515172422_1467170526651&email=1233%40qq.com&password=834732&_=1467170526652 HTTP/1.1" 404 134 "http://www.runoob.com/try/try.php?filename=tryjquery_ajax_ajax" "Mozilla/5.0 (Macintosh; Intel Mac OS X 10_11_5) AppleWebKit/537.36 (KHTML, like Gecko) Chrome/51.0.2704.103 Safari/537.36"
::1 - - [29/Jun/2016:03:22:10 +0000] "GET /signup?callback=jQuery110203135187515172422_1467170526653&email=1233%40qq.com&password=834732&_=1467170526654 HTTP/1.1" 404 134 "http://www.runoob.com/try/try.php?filename=tryjquery_ajax_ajax" "Mozilla/5.0 (Macintosh; Intel Mac OS X 10_11_5) AppleWebKit/537.36 (KHTML, like Gecko) Chrome/51.0.2704.103 Safari/537.36"
::1 - - [29/Jun/2016:03:22:10 +0000] "GET /signup?callback=jQuery110203135187515172422_1467170526655&email=1233%40qq.com&password=834732&_=1467170526656 HTTP/1.1" 404 134 "http://www.runoob.com/try/try.php?filename=tryjquery_ajax_ajax" "Mozilla/5.0 (Macintosh; Intel Mac OS X 10_11_5) AppleWebKit/537.36 (KHTML, like Gecko) Chrome/51.0.2704.103 Safari/537.36"
::1 - - [29/Jun/2016:03:22:11 +0000] "GET /signup?callback=jQuery110203135187515172422_1467170526657&email=1233%40qq.com&password=834732&_=1467170526658 HTTP/1.1" 404 134 "http://www.runoob.com/try/try.php?filename=tryjquery_ajax_ajax" "Mozilla/5.0 (Macintosh; Intel Mac OS X 10_11_5) AppleWebKit/537.36 (KHTML, like Gecko) Chrome/51.0.2704.103 Safari/537.36"
::1 - - [29/Jun/2016:03:22:11 +0000] "GET /signup?callback=jQuery110203135187515172422_1467170526659&email=1233%40qq.com&password=834732&_=1467170526660 HTTP/1.1" 404 134 "http://www.runoob.com/try/try.php?filename=tryjquery_ajax_ajax" "Mozilla/5.0 (Macintosh; Intel Mac OS X 10_11_5) AppleWebKit/537.36 (KHTML, like Gecko) Chrome/51.0.2704.103 Safari/537.36"
::1 - - [29/Jun/2016:03:22:11 +0000] "GET /signup?callback=jQuery110203135187515172422_1467170526661&email=1233%40qq.com&password=834732&_=1467170526662 HTTP/1.1" 404 134 "http://www.runoob.com/try/try.php?filename=tryjquery_ajax_ajax" "Mozilla/5.0 (Macintosh; Intel Mac OS X 10_11_5) AppleWebKit/537.36 (KHTML, like Gecko) Chrome/51.0.2704.103 Safari/537.36"
::1 - - [29/Jun/2016:03:22:11 +0000] "GET /signup?callback=jQuery110203135187515172422_1467170526663&email=1233%40qq.com&password=834732&_=1467170526664 HTTP/1.1" 404 134 "http://www.runoob.com/try/try.php?filename=tryjquery_ajax_ajax" "Mozilla/5.0 (Macintosh; Intel Mac OS X 10_11_5) AppleWebKit/537.36 (KHTML, like Gecko) Chrome/51.0.2704.103 Safari/537.36"
::1 - - [29/Jun/2016:05:17:31 +0000] "POST /signup HTTP/1.1" 200 29 "-" "Mozilla/5.0 (Macintosh; Intel Mac OS X 10_11_5) AppleWebKit/537.36 (KHTML, like Gecko) Chrome/51.0.2704.103 Safari/537.36"
::1 - - [29/Jun/2016:05:17:32 +0000] "POST /signup HTTP/1.1" 200 29 "-" "Mozilla/5.0 (Macintosh; Intel Mac OS X 10_11_5) AppleWebKit/537.36 (KHTML, like Gecko) Chrome/51.0.2704.103 Safari/537.36"
::1 - - [29/Jun/2016:05:18:18 +0000] "POST /signup HTTP/1.1" 200 29 "-" "Mozilla/5.0 (Macintosh; Intel Mac OS X 10_11_5) AppleWebKit/537.36 (KHTML, like Gecko) Chrome/51.0.2704.103 Safari/537.36"
::1 - - [29/Jun/2016:05:23:14 +0000] "POST /signup HTTP/1.1" 200 29 "-" "Mozilla/5.0 (Macintosh; Intel Mac OS X 10_11_5) AppleWebKit/537.36 (KHTML, like Gecko) Chrome/51.0.2704.103 Safari/537.36"
::1 - - [29/Jun/2016:05:26:39 +0000] "POST /login HTTP/1.1" - - "-" "Mozilla/5.0 (Macintosh; Intel Mac OS X 10_11_5) AppleWebKit/537.36 (KHTML, like Gecko) Chrome/51.0.2704.103 Safari/537.36"
::1 - - [29/Jun/2016:05:26:42 +0000] "POST /login HTTP/1.1" - - "-" "Mozilla/5.0 (Macintosh; Intel Mac OS X 10_11_5) AppleWebKit/537.36 (KHTML, like Gecko) Chrome/51.0.2704.103 Safari/537.36"
::1 - - [29/Jun/2016:05:27:09 +0000] "POST /login HTTP/1.1" - - "-" "Mozilla/5.0 (Macintosh; Intel Mac OS X 10_11_5) AppleWebKit/537.36 (KHTML, like Gecko) Chrome/51.0.2704.103 Safari/537.36"
::1 - - [29/Jun/2016:05:28:14 +0000] "POST /login HTTP/1.1" - - "-" "Mozilla/5.0 (Macintosh; Intel Mac OS X 10_11_5) AppleWebKit/537.36 (KHTML, like Gecko) Chrome/51.0.2704.103 Safari/537.36"
::1 - - [29/Jun/2016:05:28:27 +0000] "POST /login HTTP/1.1" - - "-" "Mozilla/5.0 (Macintosh; Intel Mac OS X 10_11_5) AppleWebKit/537.36 (KHTML, like Gecko) Chrome/51.0.2704.103 Safari/537.36"
::1 - - [29/Jun/2016:05:30:30 +0000] "POST /login HTTP/1.1" 200 33 "-" "Mozilla/5.0 (Macintosh; Intel Mac OS X 10_11_5) AppleWebKit/537.36 (KHTML, like Gecko) Chrome/51.0.2704.103 Safari/537.36"
::1 - - [29/Jun/2016:05:31:38 +0000] "POST /login HTTP/1.1" 200 33 "-" "Mozilla/5.0 (Macintosh; Intel Mac OS X 10_11_5) AppleWebKit/537.36 (KHTML, like Gecko) Chrome/51.0.2704.103 Safari/537.36"
::1 - - [29/Jun/2016:05:32:09 +0000] "POST /login HTTP/1.1" 200 33 "-" "Mozilla/5.0 (Macintosh; Intel Mac OS X 10_11_5) AppleWebKit/537.36 (KHTML, like Gecko) Chrome/51.0.2704.103 Safari/537.36"
::1 - - [29/Jun/2016:05:32:44 +0000] "POST /login HTTP/1.1" 200 33 "-" "Mozilla/5.0 (Macintosh; Intel Mac OS X 10_11_5) AppleWebKit/537.36 (KHTML, like Gecko) Chrome/51.0.2704.103 Safari/537.36"
::1 - - [29/Jun/2016:05:51:07 +0000] "POST /login HTTP/1.1" 200 33 "-" "Mozilla/5.0 (Macintosh; Intel Mac OS X 10_11_5) AppleWebKit/537.36 (KHTML, like Gecko) Chrome/51.0.2704.103 Safari/537.36"
::1 - - [29/Jun/2016:05:52:40 +0000] "POST /login HTTP/1.1" 200 33 "-" "Mozilla/5.0 (Macintosh; Intel Mac OS X 10_11_5) AppleWebKit/537.36 (KHTML, like Gecko) Chrome/51.0.2704.103 Safari/537.36"
::1 - - [29/Jun/2016:05:52:40 +0000] "POST /login HTTP/1.1" 200 33 "-" "Mozilla/5.0 (Macintosh; Intel Mac OS X 10_11_5) AppleWebKit/537.36 (KHTML, like Gecko) Chrome/51.0.2704.103 Safari/537.36"
::1 - - [29/Jun/2016:05:56:35 +0000] "POST /login HTTP/1.1" 200 134 "-" "Mozilla/5.0 (Macintosh; Intel Mac OS X 10_11_5) AppleWebKit/537.36 (KHTML, like Gecko) Chrome/51.0.2704.103 Safari/537.36"
::1 - - [29/Jun/2016:05:58:28 +0000] "POST /login HTTP/1.1" 200 25 "-" "Mozilla/5.0 (Macintosh; Intel Mac OS X 10_11_5) AppleWebKit/537.36 (KHTML, like Gecko) Chrome/51.0.2704.103 Safari/537.36"
::1 - - [29/Jun/2016:05:58:33 +0000] "POST /login HTTP/1.1" 200 134 "-" "Mozilla/5.0 (Macintosh; Intel Mac OS X 10_11_5) AppleWebKit/537.36 (KHTML, like Gecko) Chrome/51.0.2704.103 Safari/537.36"
::1 - - [29/Jun/2016:05:58:36 +0000] "POST /login HTTP/1.1" 200 33 "-" "Mozilla/5.0 (Macintosh; Intel Mac OS X 10_11_5) AppleWebKit/537.36 (KHTML, like Gecko) Chrome/51.0.2704.103 Safari/537.36"
::1 - - [29/Jun/2016:05:58:41 +0000] "POST /login HTTP/1.1" 200 134 "-" "Mozilla/5.0 (Macintosh; Intel Mac OS X 10_11_5) AppleWebKit/537.36 (KHTML, like Gecko) Chrome/51.0.2704.103 Safari/537.36"
